<?xml version="1.0" encoding="UTF-8"?>
<!-- Generated by org.testng.reporters.JUnitReportReporter -->
<testsuite skipped="0" hostname="DESKTOP-OTM4EP1" name="com.spiceJet.tests.TC_02" tests="1" failures="0" timestamp="2020-12-10T09:37:03 IST" time="0.666" errors="0">
  <testcase name="FlightTab" time="0.666" classname="com.spiceJet.tests.TC_02"/>
  <system-out/>
</testsuite> <!-- com.spiceJet.tests.TC_02 -->
