<?xml version="1.0" encoding="UTF-8"?>
<!-- Generated by org.testng.reporters.JUnitReportReporter -->
<testsuite skipped="0" hostname="DESKTOP-OTM4EP1" name="com.spiceJet.tests.TC_04" tests="1" failures="0" timestamp="2020-12-10T11:12:12 IST" time="0.674" errors="0">
  <testcase name="OneWay" time="0.674" classname="com.spiceJet.tests.TC_04"/>
  <system-out/>
</testsuite> <!-- com.spiceJet.tests.TC_04 -->
