<?xml version="1.0" encoding="UTF-8"?>
<!-- Generated by org.testng.reporters.JUnitReportReporter -->
<testsuite skipped="0" hostname="DESKTOP-OTM4EP1" name="com.spiceJet.tests.TC_14" tests="1" failures="0" timestamp="2020-12-10T10:46:48 IST" time="0.727" errors="0">
  <testcase name="clickOnArmedForces" time="0.727" classname="com.spiceJet.tests.TC_14"/>
  <system-out/>
</testsuite> <!-- com.spiceJet.tests.TC_14 -->
