<?xml version="1.0" encoding="UTF-8"?>
<!-- Generated by org.testng.reporters.JUnitReportReporter -->
<testsuite skipped="0" hostname="DESKTOP-OTM4EP1" name="com.spiceJet.tests.TC_03" tests="1" failures="0" timestamp="2020-12-10T10:58:04 IST" time="0.615" errors="0">
  <testcase name="OneWay" time="0.615" classname="com.spiceJet.tests.TC_03"/>
  <system-out/>
</testsuite> <!-- com.spiceJet.tests.TC_03 -->
