<?xml version="1.0" encoding="UTF-8"?>
<!-- Generated by org.testng.reporters.JUnitReportReporter -->
<testsuite skipped="0" hostname="DESKTOP-OTM4EP1" name="com.spiceJet.tests.TC_13" tests="1" failures="0" timestamp="2020-12-10T10:48:09 IST" time="0.688" errors="0">
  <testcase name="clickOnStudents" time="0.688" classname="com.spiceJet.tests.TC_13"/>
  <system-out/>
</testsuite> <!-- com.spiceJet.tests.TC_13 -->
