<?xml version="1.0" encoding="UTF-8"?>
<!-- Generated by org.testng.reporters.JUnitReportReporter -->
<testsuite skipped="0" hostname="DESKTOP-OTM4EP1" name="com.spiceJet.tests.TC_05" tests="1" failures="0" timestamp="2020-12-10T10:08:11 IST" time="0.904" errors="0">
  <testcase name="fromDestination" time="0.904" classname="com.spiceJet.tests.TC_05"/>
  <system-out/>
</testsuite> <!-- com.spiceJet.tests.TC_05 -->
