<?xml version="1.0" encoding="UTF-8"?>
<!-- Generated by org.testng.reporters.JUnitReportReporter -->
<testsuite skipped="0" hostname="DESKTOP-OTM4EP1" name="com.spiceJet.tests.TC_10" tests="1" failures="0" timestamp="2020-12-10T10:51:06 IST" time="0.596" errors="0">
  <testcase name="clickOnFamilyAndFriends" time="0.596" classname="com.spiceJet.tests.TC_10"/>
  <system-out/>
</testsuite> <!-- com.spiceJet.tests.TC_10 -->
