<?xml version="1.0" encoding="UTF-8"?>
<!-- Generated by org.testng.reporters.JUnitReportReporter -->
<testsuite skipped="0" hostname="DESKTOP-OTM4EP1" name="com.spiceJet.tests.TC_01" tests="1" failures="0" timestamp="2020-12-09T00:19:10 IST" time="0.034" errors="0">
  <testcase name="navigateToUrl" time="0.034" classname="com.spiceJet.tests.TC_01"/>
  <system-out/>
</testsuite> <!-- com.spiceJet.tests.TC_01 -->
